<?xml version="1.0" encoding="UTF-8"?>
<!-- Generated by org.testng.reporters.JUnitXMLReporter -->
<testsuite hostname="Preetish" ignored="0" name="Default test" tests="3" failures="0" timestamp="18 May 2017 21:27:43 GMT" time="74.938" errors="0">
  <testcase name="BrowserEngin" time="73.788" classname="crm.ApplicationTest"/>
  <testcase name="verifyPage" time="0.015" classname="crm.ApplicationTest"/>
  <testcase name="Click_on_Shop" time="0.521" classname="crm.ApplicationTest"/>
</testsuite> <!-- Default test -->
