<?xml version="1.0" encoding="UTF-8"?>
<!-- Generated by org.testng.reporters.JUnitXMLReporter -->
<testsuite hostname="Preetish" ignored="0" name="Test" tests="1" failures="0" timestamp="26 Apr 2017 21:13:20 GMT" time="0.051" errors="0">
  <testcase name="@BeforeTest Setup_Grid" time="0.0" classname="com.Grid_Exection.Parallel_Test_Grid">
    <failure type="org.testng.TestNGException" message="
Parameter &amp;apos;platform&amp;apos; is required by BeforeTest on method Setup_Grid but has not been marked @Optional or defined
in C:\Users\Preetish Kumar\Desktop\Banking\grid.xml">
      <![CDATA[org.testng.TestNGException: 
Parameter 'platform' is required by BeforeTest on method Setup_Grid but has not been marked @Optional or defined
in C:\Users\Preetish Kumar\Desktop\Banking\grid.xml
... Removed 20 stack frames]]>
    </failure>
  </testcase> <!-- @BeforeTest Setup_Grid -->
  <testcase name="GoogleSearch" time="0.001" classname="com.Grid_Exection.Parallel_Test_Grid">
    <skipped/>
  </testcase> <!-- GoogleSearch -->
</testsuite> <!-- Test -->
