<?xml version="1.0" encoding="UTF-8"?>
<testng-results skipped="0" failed="1" ignored="0" total="3" passed="2">
  <reporter-output>
  </reporter-output>
  <suite name="Banking_Project" duration-ms="569314" started-at="2017-05-18T21:31:15Z" finished-at="2017-05-18T21:40:44Z">
    <groups>
    </groups>
    <test name="Chrome_Test" duration-ms="569314" started-at="2017-05-18T21:31:15Z" finished-at="2017-05-18T21:40:44Z">
      <class name="crm.ApplicationTest">
        <test-method status="PASS" signature="setUp()[pri:0, instance:crm.ApplicationTest@4524411f]" name="setUp" is-config="true" duration-ms="383" started-at="2017-05-19T03:01:14Z" finished-at="2017-05-19T03:01:15Z">
          <reporter-output>
          </reporter-output>
        </test-method> <!-- setUp -->
        <test-method status="PASS" signature="Logconfig()[pri:0, instance:crm.ApplicationTest@4524411f]" name="Logconfig" is-config="true" duration-ms="50" started-at="2017-05-19T03:01:15Z" finished-at="2017-05-19T03:01:15Z">
          <reporter-output>
          </reporter-output>
        </test-method> <!-- Logconfig -->
        <test-method status="PASS" signature="BrowserEngin()[pri:0, instance:crm.ApplicationTest@4524411f]" name="BrowserEngin" duration-ms="306536" started-at="2017-05-19T03:01:15Z" finished-at="2017-05-19T03:06:21Z">
          <reporter-output>
          </reporter-output>
        </test-method> <!-- BrowserEngin -->
        <test-method status="PASS" signature="getResult(org.testng.ITestResult)[pri:0, instance:crm.ApplicationTest@4524411f]" name="getResult" is-config="true" duration-ms="23" started-at="2017-05-19T03:06:21Z" finished-at="2017-05-19T03:06:21Z">
          <params>
            <param index="0">
              <value>
                <![CDATA[[TestResult name=BrowserEngin status=SUCCESS method=ApplicationTest.BrowserEngin()[pri:0, instance:crm.ApplicationTest@4524411f] output={null}]]]>
              </value>
            </param>
          </params>
          <reporter-output>
          </reporter-output>
        </test-method> <!-- getResult -->
        <test-method status="PASS" signature="Logconfig()[pri:0, instance:crm.ApplicationTest@4524411f]" name="Logconfig" is-config="true" duration-ms="305" started-at="2017-05-19T03:06:21Z" finished-at="2017-05-19T03:06:22Z">
          <reporter-output>
          </reporter-output>
        </test-method> <!-- Logconfig -->
        <test-method status="FAIL" signature="verifyPage()[pri:1, instance:crm.ApplicationTest@4524411f]" name="verifyPage" duration-ms="56001" started-at="2017-05-19T03:06:22Z" description="Verify the Home Page" depends-on-methods="crm.ApplicationTest.BrowserEngin" finished-at="2017-05-19T03:07:18Z">
          <exception class="java.lang.AssertionError">
            <message>
              <![CDATA[expected [] but found [Café Coffee Day | A Lot Can Happen Over Coffee]]]>
            </message>
            <full-stacktrace>
              <![CDATA[java.lang.AssertionError: expected [] but found [Café Coffee Day | A Lot Can Happen Over Coffee]
	at org.testng.Assert.fail(Assert.java:93)
	at org.testng.Assert.failNotEquals(Assert.java:512)
	at org.testng.Assert.assertEqualsImpl(Assert.java:134)
	at org.testng.Assert.assertEquals(Assert.java:115)
	at org.testng.Assert.assertEquals(Assert.java:189)
	at org.testng.Assert.assertEquals(Assert.java:199)
	at crm.ApplicationTest.verifyPage(ApplicationTest.java:52)
	at sun.reflect.NativeMethodAccessorImpl.invoke0(Native Method)
	at sun.reflect.NativeMethodAccessorImpl.invoke(Unknown Source)
	at sun.reflect.DelegatingMethodAccessorImpl.invoke(Unknown Source)
	at java.lang.reflect.Method.invoke(Unknown Source)
	at org.testng.internal.MethodInvocationHelper.invokeMethod(MethodInvocationHelper.java:108)
	at org.testng.internal.Invoker.invokeMethod(Invoker.java:661)
	at org.testng.internal.Invoker.invokeTestMethod(Invoker.java:869)
	at org.testng.internal.Invoker.invokeTestMethods(Invoker.java:1193)
	at org.testng.internal.TestMethodWorker.invokeTestMethods(TestMethodWorker.java:126)
	at org.testng.internal.TestMethodWorker.run(TestMethodWorker.java:109)
	at org.testng.TestRunner.privateRun(TestRunner.java:744)
	at org.testng.TestRunner.run(TestRunner.java:602)
	at org.testng.SuiteRunner.runTest(SuiteRunner.java:380)
	at org.testng.SuiteRunner.runSequentially(SuiteRunner.java:375)
	at org.testng.SuiteRunner.privateRun(SuiteRunner.java:340)
	at org.testng.SuiteRunner.run(SuiteRunner.java:289)
	at org.testng.SuiteRunnerWorker.runSuite(SuiteRunnerWorker.java:52)
	at org.testng.SuiteRunnerWorker.run(SuiteRunnerWorker.java:86)
	at org.testng.TestNG.runSuitesSequentially(TestNG.java:1301)
	at org.testng.TestNG.runSuitesLocally(TestNG.java:1226)
	at org.testng.TestNG.runSuites(TestNG.java:1144)
	at org.testng.TestNG.run(TestNG.java:1115)
	at org.testng.remote.AbstractRemoteTestNG.run(AbstractRemoteTestNG.java:132)
	at org.testng.remote.RemoteTestNG.initAndRun(RemoteTestNG.java:230)
	at org.testng.remote.RemoteTestNG.main(RemoteTestNG.java:76)
]]>
            </full-stacktrace>
          </exception> <!-- java.lang.AssertionError -->
          <reporter-output>
          </reporter-output>
        </test-method> <!-- verifyPage -->
        <test-method status="PASS" signature="getResult(org.testng.ITestResult)[pri:0, instance:crm.ApplicationTest@4524411f]" name="getResult" is-config="true" duration-ms="86" started-at="2017-05-19T03:07:18Z" finished-at="2017-05-19T03:07:18Z">
          <params>
            <param index="0">
              <value>
                <![CDATA[[TestResult name=verifyPage status=FAILURE method=ApplicationTest.verifyPage()[pri:1, instance:crm.ApplicationTest@4524411f] output={null}]]]>
              </value>
            </param>
          </params>
          <reporter-output>
          </reporter-output>
        </test-method> <!-- getResult -->
        <test-method status="PASS" signature="Logconfig()[pri:0, instance:crm.ApplicationTest@4524411f]" name="Logconfig" is-config="true" duration-ms="24" started-at="2017-05-19T03:07:18Z" finished-at="2017-05-19T03:07:18Z">
          <reporter-output>
          </reporter-output>
        </test-method> <!-- Logconfig -->
        <test-method status="PASS" signature="Click_on_Shop()[pri:2, instance:crm.ApplicationTest@4524411f]" name="Click_on_Shop" duration-ms="206211" started-at="2017-05-19T03:07:18Z" description="Verify the Click on shop menu" depends-on-methods="crm.ApplicationTest.verifyPage" finished-at="2017-05-19T03:10:44Z">
          <reporter-output>
          </reporter-output>
        </test-method> <!-- Click_on_Shop -->
        <test-method status="PASS" signature="getResult(org.testng.ITestResult)[pri:0, instance:crm.ApplicationTest@4524411f]" name="getResult" is-config="true" duration-ms="0" started-at="2017-05-19T03:10:44Z" finished-at="2017-05-19T03:10:44Z">
          <params>
            <param index="0">
              <value>
                <![CDATA[[TestResult name=Click_on_Shop status=SUCCESS method=ApplicationTest.Click_on_Shop()[pri:2, instance:crm.ApplicationTest@4524411f] output={null}]]]>
              </value>
            </param>
          </params>
          <reporter-output>
          </reporter-output>
        </test-method> <!-- getResult -->
        <test-method status="PASS" signature="tearDown()[pri:0, instance:crm.ApplicationTest@4524411f]" name="tearDown" is-config="true" duration-ms="431" started-at="2017-05-19T03:10:44Z" finished-at="2017-05-19T03:10:45Z">
          <reporter-output>
          </reporter-output>
        </test-method> <!-- tearDown -->
      </class> <!-- crm.ApplicationTest -->
    </test> <!-- Chrome_Test -->
  </suite> <!-- Banking_Project -->
</testng-results>
